<?xml version="1.0" encoding="UTF-8"?>
<testng-results ignored="0" total="1" passed="1" failed="0" skipped="0">
  <reporter-output>
  </reporter-output>
  <suite started-at="2025-08-20T14:37:34 GMT-04:00" name="Default suite" finished-at="2025-08-20T14:37:42 GMT-04:00" duration-ms="8140">
    <groups>
    </groups>
    <test started-at="2025-08-20T14:37:34 GMT-04:00" name="Default test" finished-at="2025-08-20T14:37:42 GMT-04:00" duration-ms="8140">
      <class name="automationtestingframework.ExtentReports.ExtentReportDemo">
        <test-method is-config="true" signature="config()[pri:0, instance:automationtestingframework.ExtentReports.ExtentReportDemo@dd05255]" started-at="2025-08-20T14:37:34 GMT-04:00" name="config" finished-at="2025-08-20T14:37:34 GMT-04:00" duration-ms="310" status="PASS">
          <reporter-output>
          </reporter-output>
        </test-method> <!-- config -->
        <test-method signature="initialDemo()[pri:0, instance:automationtestingframework.ExtentReports.ExtentReportDemo@dd05255]" started-at="2025-08-20T14:37:34 GMT-04:00" name="initialDemo" finished-at="2025-08-20T14:37:42 GMT-04:00" duration-ms="7785" status="PASS">
          <reporter-output>
          </reporter-output>
        </test-method> <!-- initialDemo -->
      </class> <!-- automationtestingframework.ExtentReports.ExtentReportDemo -->
    </test> <!-- Default test -->
  </suite> <!-- Default suite -->
</testng-results>
