<?xml version="1.0" encoding="UTF-8"?>
<testng-results ignored="0" total="4" passed="4" failed="0" skipped="0">
  <reporter-output>
  </reporter-output>
  <suite started-at="2025-08-17T17:45:20 GMT-04:00" name="Default suite" finished-at="2025-08-17T17:45:20 GMT-04:00" duration-ms="94">
    <groups>
    </groups>
    <test started-at="2025-08-17T17:45:20 GMT-04:00" name="Default test" finished-at="2025-08-17T17:45:20 GMT-04:00" duration-ms="94">
      <class name="test_JavaStreamsAndLambda">
        <test-method signature="regular()[pri:0, instance:test_JavaStreamsAndLambda@48f2bd5b]" started-at="2025-08-17T17:45:20 GMT-04:00" name="regular" finished-at="2025-08-17T17:45:20 GMT-04:00" duration-ms="10" status="PASS">
          <reporter-output>
          </reporter-output>
        </test-method> <!-- regular -->
        <test-method signature="streamCollect()[pri:0, instance:test_JavaStreamsAndLambda@48f2bd5b]" started-at="2025-08-17T17:45:20 GMT-04:00" name="streamCollect" finished-at="2025-08-17T17:45:20 GMT-04:00" duration-ms="6" status="PASS">
          <reporter-output>
          </reporter-output>
        </test-method> <!-- streamCollect -->
        <test-method signature="streamFilter()[pri:0, instance:test_JavaStreamsAndLambda@48f2bd5b]" started-at="2025-08-17T17:45:20 GMT-04:00" name="streamFilter" finished-at="2025-08-17T17:45:20 GMT-04:00" duration-ms="8" status="PASS">
          <reporter-output>
          </reporter-output>
        </test-method> <!-- streamFilter -->
        <test-method signature="streamMap()[pri:0, instance:test_JavaStreamsAndLambda@48f2bd5b]" started-at="2025-08-17T17:45:20 GMT-04:00" name="streamMap" finished-at="2025-08-17T17:45:20 GMT-04:00" duration-ms="7" status="PASS">
          <reporter-output>
          </reporter-output>
        </test-method> <!-- streamMap -->
      </class> <!-- test_JavaStreamsAndLambda -->
    </test> <!-- Default test -->
  </suite> <!-- Default suite -->
</testng-results>
