<?xml version="1.0" encoding="UTF-8"?>
<!-- Generated by org.testng.reporters.JUnitReportReporter -->
<testsuite hostname="LAPTOP-KKDSPR4V" failures="0" tests="1" name="cucumber.TestNFGTestRunner" time="0.098" errors="1" timestamp="2025-08-21T20:36:42 GMT-04:00" skipped="0">
  <testcase classname="cucumber.TestNFGTestRunner" name="runScenario" time="0.098">
    <error message="Cannot invoke &quot;automationtestingframework.pageObjects.LandingPage.loginApplication(String, String)&quot; because &quot;this.landingPageObj&quot; is null" type="java.lang.NullPointerException">
      <![CDATA[java.lang.NullPointerException: Cannot invoke "automationtestingframework.pageObjects.LandingPage.loginApplication(String, String)" because "this.landingPageObj" is null
at automationtestingframework.stepDefinitions.StepDefinitionImplementation.Logged_in_with_username_and_password(StepDefinitionImplementation.java:34)
at ✽.Logged in with username anupriya.taneja@gmail.com and password Jobinaug@2025(file:///C:/Users/91981/eclipse-workspace/SeleniumFrameworkDesign/src/test/java/cucumber/SubmitOrder.feature:9)
]]>
    </error>
  </testcase> <!-- runScenario -->
</testsuite> <!-- cucumber.TestNFGTestRunner -->
