<?xml version="1.0" encoding="UTF-8"?>
<!-- Generated by org.testng.reporters.JUnitXMLReporter -->
<testsuite ignored="0" hostname="LAPTOP-KKDSPR4V" failures="0" tests="3" name="Submit Order Test" time="50.075" errors="0" timestamp="2025-08-20T17:27:33 GMT-04:00">
  <testcase classname="automationtestingframework.tests.SubmitOrderTest" name="SubmitOrder" time="15.165"/>
  <testcase classname="automationtestingframework.tests.SubmitOrderTest" name="SubmitOrder" time="17.137"/>
  <testcase classname="automationtestingframework.tests.SubmitOrderTest" name="OrderHistoryTest" time="1.25"/>
</testsuite> <!-- Submit Order Test -->
