<?xml version="1.0" encoding="UTF-8"?>
<!-- Generated by org.testng.reporters.JUnitXMLReporter -->
<testsuite ignored="3" hostname="LAPTOP-KKDSPR4V" failures="0" tests="2" name="Regression" time="0.059" errors="0" timestamp="2025-08-18T13:22:07 GMT-04:00">
  <testcase classname="packTwo.Annotations" name="FlightBooking" time="0.012"/>
  <testcase classname="test.intro" name="Hi" time="0.002"/>
  <testcase classname="packTwo.Annotations" name="OpeningBrowser" time="0.0">
    <ignored/>
  </testcase> <!-- OpeningBrowser -->
  <testcase classname="packTwo.Annotations" name="FlightCancel" time="0.0">
    <ignored/>
  </testcase> <!-- FlightCancel -->
  <testcase classname="test.intro" name="Bye" time="0.0">
    <ignored/>
  </testcase> <!-- Bye -->
</testsuite> <!-- Regression -->
