<?xml version="1.0" encoding="UTF-8"?>
<testng-results ignored="2" total="11" passed="8" failed="1" skipped="0">
  <reporter-output>
  </reporter-output>
  <suite started-at="2025-08-18T15:43:19 GMT-04:00" name="Suite" finished-at="2025-08-18T15:43:20 GMT-04:00" duration-ms="408">
    <groups>
      <group name="Smoke">
        <method signature="Annotations.FlightBooking()[pri:0, instance:packTwo.Annotations@c730b35]" name="FlightBooking" class="packTwo.Annotations"/>
        <method signature="intro.Hi()[pri:0, instance:test.intro@34e9fd99]" name="Hi" class="test.intro"/>
      </group> <!-- Smoke -->
    </groups>
    <test started-at="2025-08-18T15:43:19 GMT-04:00" name="Test" finished-at="2025-08-18T15:43:20 GMT-04:00" duration-ms="408">
      <class name="test.intro">
        <test-method signature="Hi()[pri:0, instance:test.intro@34e9fd99]" started-at="2025-08-18T15:43:20 GMT-04:00" name="Hi" finished-at="2025-08-18T15:43:20 GMT-04:00" duration-ms="1" status="PASS">
          <reporter-output>
          </reporter-output>
        </test-method> <!-- Hi -->
      </class> <!-- test.intro -->
      <class name="packTwo.Annotations">
        <test-method is-config="true" signature="SuiteTest()[pri:0, instance:packTwo.Annotations@c730b35]" started-at="2025-08-18T15:43:19 GMT-04:00" name="SuiteTest" finished-at="2025-08-18T15:43:19 GMT-04:00" duration-ms="14" status="PASS">
          <reporter-output>
          </reporter-output>
        </test-method> <!-- SuiteTest -->
        <test-method is-config="true" signature="Cookies()[pri:0, instance:packTwo.Annotations@c730b35]" started-at="2025-08-18T15:43:19 GMT-04:00" name="Cookies" finished-at="2025-08-18T15:43:19 GMT-04:00" duration-ms="1" status="PASS">
          <reporter-output>
          </reporter-output>
        </test-method> <!-- Cookies -->
        <test-method is-config="true" signature="BeforeMyClass()[pri:0, instance:packTwo.Annotations@c730b35]" started-at="2025-08-18T15:43:19 GMT-04:00" name="BeforeMyClass" finished-at="2025-08-18T15:43:19 GMT-04:00" duration-ms="0" status="PASS">
          <reporter-output>
          </reporter-output>
        </test-method> <!-- BeforeMyClass -->
        <test-method is-config="true" signature="UseridGeneration()[pri:0, instance:packTwo.Annotations@c730b35]" started-at="2025-08-18T15:43:19 GMT-04:00" name="UseridGeneration" finished-at="2025-08-18T15:43:19 GMT-04:00" duration-ms="3" status="PASS">
          <reporter-output>
          </reporter-output>
        </test-method> <!-- UseridGeneration -->
        <test-method signature="DataProviderTest(java.lang.String,java.lang.String)[pri:0, instance:packTwo.Annotations@c730b35]" started-at="2025-08-18T15:43:19 GMT-04:00" name="DataProviderTest" data-provider="getData" finished-at="2025-08-18T15:43:19 GMT-04:00" duration-ms="23" status="PASS">
          <params>
            <param index="0">
              <value>
                <![CDATA[firstsetusername]]>
              </value>
            </param>
            <param index="1">
              <value>
                <![CDATA[firstsetpassword]]>
              </value>
            </param>
          </params>
          <reporter-output>
          </reporter-output>
        </test-method> <!-- DataProviderTest -->
        <test-method is-config="true" signature="Reportadding()[pri:0, instance:packTwo.Annotations@c730b35]" started-at="2025-08-18T15:43:19 GMT-04:00" name="Reportadding" finished-at="2025-08-18T15:43:19 GMT-04:00" duration-ms="21" status="PASS">
          <reporter-output>
          </reporter-output>
        </test-method> <!-- Reportadding -->
        <test-method is-config="true" signature="UseridGeneration()[pri:0, instance:packTwo.Annotations@c730b35]" started-at="2025-08-18T15:43:19 GMT-04:00" name="UseridGeneration" finished-at="2025-08-18T15:43:19 GMT-04:00" duration-ms="0" status="PASS">
          <reporter-output>
          </reporter-output>
        </test-method> <!-- UseridGeneration -->
        <test-method signature="DataProviderTest(java.lang.String,java.lang.String)[pri:0, instance:packTwo.Annotations@c730b35]" started-at="2025-08-18T15:43:19 GMT-04:00" name="DataProviderTest" data-provider="getData" finished-at="2025-08-18T15:43:20 GMT-04:00" duration-ms="45" status="PASS">
          <params>
            <param index="0">
              <value>
                <![CDATA[secondsetusername]]>
              </value>
            </param>
            <param index="1">
              <value>
                <![CDATA[secondsetpassword]]>
              </value>
            </param>
          </params>
          <reporter-output>
          </reporter-output>
        </test-method> <!-- DataProviderTest -->
        <test-method is-config="true" signature="Reportadding()[pri:0, instance:packTwo.Annotations@c730b35]" started-at="2025-08-18T15:43:20 GMT-04:00" name="Reportadding" finished-at="2025-08-18T15:43:20 GMT-04:00" duration-ms="2" status="PASS">
          <reporter-output>
          </reporter-output>
        </test-method> <!-- Reportadding -->
        <test-method signature="DataProviderTest(java.lang.String,java.lang.String)[pri:0, instance:packTwo.Annotations@c730b35]" started-at="2025-08-18T15:43:20 GMT-04:00" name="DataProviderTest" data-provider="getData" finished-at="2025-08-18T15:43:20 GMT-04:00" duration-ms="4" status="PASS">
          <params>
            <param index="0">
              <value>
                <![CDATA[thirdsetusername]]>
              </value>
            </param>
            <param index="1">
              <value>
                <![CDATA[thirdsetpassword]]>
              </value>
            </param>
          </params>
          <reporter-output>
          </reporter-output>
        </test-method> <!-- DataProviderTest -->
        <test-method is-config="true" signature="UseridGeneration()[pri:0, instance:packTwo.Annotations@c730b35]" started-at="2025-08-18T15:43:20 GMT-04:00" name="UseridGeneration" finished-at="2025-08-18T15:43:20 GMT-04:00" duration-ms="0" status="PASS">
          <reporter-output>
          </reporter-output>
        </test-method> <!-- UseridGeneration -->
        <test-method is-config="true" signature="Reportadding()[pri:0, instance:packTwo.Annotations@c730b35]" started-at="2025-08-18T15:43:20 GMT-04:00" name="Reportadding" finished-at="2025-08-18T15:43:20 GMT-04:00" duration-ms="1" status="PASS">
          <reporter-output>
          </reporter-output>
        </test-method> <!-- Reportadding -->
        <test-method signature="FlightBooking()[pri:0, instance:packTwo.Annotations@c730b35]" started-at="2025-08-18T15:43:20 GMT-04:00" name="FlightBooking" finished-at="2025-08-18T15:43:20 GMT-04:00" duration-ms="2" status="PASS">
          <reporter-output>
          </reporter-output>
        </test-method> <!-- FlightBooking -->
        <test-method is-config="true" signature="UseridGeneration()[pri:0, instance:packTwo.Annotations@c730b35]" started-at="2025-08-18T15:43:20 GMT-04:00" name="UseridGeneration" finished-at="2025-08-18T15:43:20 GMT-04:00" duration-ms="0" status="PASS">
          <reporter-output>
          </reporter-output>
        </test-method> <!-- UseridGeneration -->
        <test-method is-config="true" signature="Reportadding()[pri:0, instance:packTwo.Annotations@c730b35]" started-at="2025-08-18T15:43:20 GMT-04:00" name="Reportadding" finished-at="2025-08-18T15:43:20 GMT-04:00" duration-ms="0" status="PASS">
          <reporter-output>
          </reporter-output>
        </test-method> <!-- Reportadding -->
        <test-method is-config="true" signature="UseridGeneration()[pri:0, instance:packTwo.Annotations@c730b35]" started-at="2025-08-18T15:43:20 GMT-04:00" name="UseridGeneration" finished-at="2025-08-18T15:43:20 GMT-04:00" duration-ms="1" status="PASS">
          <reporter-output>
          </reporter-output>
        </test-method> <!-- UseridGeneration -->
        <test-method signature="OpeningBrowser()[pri:0, instance:packTwo.Annotations@c730b35]" started-at="2025-08-18T15:43:20 GMT-04:00" name="OpeningBrowser" finished-at="2025-08-18T15:43:20 GMT-04:00" duration-ms="22" status="PASS">
          <reporter-output>
          </reporter-output>
        </test-method> <!-- OpeningBrowser -->
        <test-method is-config="true" signature="Reportadding()[pri:0, instance:packTwo.Annotations@c730b35]" started-at="2025-08-18T15:43:20 GMT-04:00" name="Reportadding" finished-at="2025-08-18T15:43:20 GMT-04:00" duration-ms="1" status="PASS">
          <reporter-output>
          </reporter-output>
        </test-method> <!-- Reportadding -->
        <test-method is-config="true" signature="UseridGeneration()[pri:0, instance:packTwo.Annotations@c730b35]" started-at="2025-08-18T15:43:20 GMT-04:00" name="UseridGeneration" finished-at="2025-08-18T15:43:20 GMT-04:00" duration-ms="1" status="PASS">
          <reporter-output>
          </reporter-output>
        </test-method> <!-- UseridGeneration -->
        <test-method signature="Demo()[pri:0, instance:packTwo.Annotations@c730b35]" started-at="2025-08-18T15:43:20 GMT-04:00" name="Demo" finished-at="2025-08-18T15:43:20 GMT-04:00" duration-ms="9" status="FAIL">
          <exception class="java.lang.AssertionError">
            <message>
              <![CDATA[expected [true] but found [false]]]>
            </message>
            <full-stacktrace>
              <![CDATA[java.lang.AssertionError: expected [true] but found [false]
at org.testng.Assert.fail(Assert.java:111)
at org.testng.Assert.failNotEquals(Assert.java:1590)
at org.testng.Assert.assertTrue(Assert.java:57)
at org.testng.Assert.assertTrue(Assert.java:67)
at packTwo.Annotations.Demo(Annotations.java:98)
at java.base/jdk.internal.reflect.DirectMethodHandleAccessor.invoke(DirectMethodHandleAccessor.java:103)
at java.base/java.lang.reflect.Method.invoke(Method.java:580)
at org.testng.internal.invokers.MethodInvocationHelper.invokeMethod(MethodInvocationHelper.java:141)
at org.testng.internal.invokers.TestInvoker.invokeMethod(TestInvoker.java:687)
at org.testng.internal.invokers.TestInvoker.invokeTestMethod(TestInvoker.java:230)
at org.testng.internal.invokers.MethodRunner.runInSequence(MethodRunner.java:63)
at org.testng.internal.invokers.TestInvoker$MethodInvocationAgent.invoke(TestInvoker.java:995)
at org.testng.internal.invokers.TestInvoker.invokeTestMethods(TestInvoker.java:203)
at org.testng.internal.invokers.TestMethodWorker.invokeTestMethods(TestMethodWorker.java:154)
at org.testng.internal.invokers.TestMethodWorker.run(TestMethodWorker.java:134)
at java.base/java.util.ArrayList.forEach(ArrayList.java:1596)
at org.testng.TestRunner.privateRun(TestRunner.java:741)
at org.testng.TestRunner.run(TestRunner.java:616)
at org.testng.SuiteRunner.runTest(SuiteRunner.java:421)
at org.testng.SuiteRunner.runSequentially(SuiteRunner.java:413)
at org.testng.SuiteRunner.privateRun(SuiteRunner.java:373)
at org.testng.SuiteRunner.run(SuiteRunner.java:312)
at org.testng.SuiteRunnerWorker.runSuite(SuiteRunnerWorker.java:52)
at org.testng.SuiteRunnerWorker.run(SuiteRunnerWorker.java:95)
at org.testng.TestNG.runSuitesSequentially(TestNG.java:1274)
at org.testng.TestNG.runSuitesLocally(TestNG.java:1208)
at org.testng.TestNG.runSuites(TestNG.java:1112)
at org.testng.TestNG.run(TestNG.java:1079)
at org.testng.remote.AbstractRemoteTestNG.run(AbstractRemoteTestNG.java:115)
at org.testng.remote.RemoteTestNG.initAndRun(RemoteTestNG.java:293)
at org.testng.remote.RemoteTestNG.main(RemoteTestNG.java:91)
]]>
            </full-stacktrace>
          </exception> <!-- java.lang.AssertionError -->
          <reporter-output>
          </reporter-output>
        </test-method> <!-- Demo -->
        <test-method is-config="true" signature="Reportadding()[pri:0, instance:packTwo.Annotations@c730b35]" started-at="2025-08-18T15:43:20 GMT-04:00" name="Reportadding" finished-at="2025-08-18T15:43:20 GMT-04:00" duration-ms="4" status="PASS">
          <reporter-output>
          </reporter-output>
        </test-method> <!-- Reportadding -->
        <test-method signature="MyMethod(java.lang.String)[pri:0, instance:packTwo.Annotations@c730b35]" started-at="2025-08-18T15:43:20 GMT-04:00" name="MyMethod" finished-at="2025-08-18T15:43:20 GMT-04:00" duration-ms="3" status="PASS">
          <params>
            <param index="0">
              <value>
                <![CDATA[www.google.com]]>
              </value>
            </param>
          </params>
          <reporter-output>
          </reporter-output>
        </test-method> <!-- MyMethod -->
        <test-method is-config="true" signature="UseridGeneration()[pri:0, instance:packTwo.Annotations@c730b35]" started-at="2025-08-18T15:43:20 GMT-04:00" name="UseridGeneration" finished-at="2025-08-18T15:43:20 GMT-04:00" duration-ms="0" status="PASS">
          <reporter-output>
          </reporter-output>
        </test-method> <!-- UseridGeneration -->
        <test-method is-config="true" signature="Reportadding()[pri:0, instance:packTwo.Annotations@c730b35]" started-at="2025-08-18T15:43:20 GMT-04:00" name="Reportadding" finished-at="2025-08-18T15:43:20 GMT-04:00" duration-ms="0" status="PASS">
          <reporter-output>
          </reporter-output>
        </test-method> <!-- Reportadding -->
        <test-method signature="FlightCancel()[pri:0, instance:packTwo.Annotations@c730b35]" started-at="2025-08-18T15:43:20 GMT-04:00" name="FlightCancel" finished-at="2025-08-18T15:43:20 GMT-04:00" depends-on-methods="packTwo.Annotations.FlightBooking, packTwo.Annotations.OpeningBrowser" duration-ms="2" status="PASS">
          <reporter-output>
          </reporter-output>
        </test-method> <!-- FlightCancel -->
        <test-method is-config="true" signature="UseridGeneration()[pri:0, instance:packTwo.Annotations@c730b35]" started-at="2025-08-18T15:43:20 GMT-04:00" name="UseridGeneration" finished-at="2025-08-18T15:43:20 GMT-04:00" duration-ms="0" status="PASS">
          <reporter-output>
          </reporter-output>
        </test-method> <!-- UseridGeneration -->
        <test-method is-config="true" signature="AfterMyClass()[pri:0, instance:packTwo.Annotations@c730b35]" started-at="2025-08-18T15:43:20 GMT-04:00" name="AfterMyClass" finished-at="2025-08-18T15:43:20 GMT-04:00" duration-ms="2" status="PASS">
          <reporter-output>
          </reporter-output>
        </test-method> <!-- AfterMyClass -->
        <test-method is-config="true" signature="Reportadding()[pri:0, instance:packTwo.Annotations@c730b35]" started-at="2025-08-18T15:43:20 GMT-04:00" name="Reportadding" finished-at="2025-08-18T15:43:20 GMT-04:00" duration-ms="0" status="PASS">
          <reporter-output>
          </reporter-output>
        </test-method> <!-- Reportadding -->
        <test-method is-config="true" signature="Cookiesclose()[pri:0, instance:packTwo.Annotations@c730b35]" started-at="2025-08-18T15:43:20 GMT-04:00" name="Cookiesclose" finished-at="2025-08-18T15:43:20 GMT-04:00" duration-ms="1" status="PASS">
          <reporter-output>
          </reporter-output>
        </test-method> <!-- Cookiesclose -->
        <test-method is-config="true" signature="SuiteTestAfter()[pri:0, instance:packTwo.Annotations@c730b35]" started-at="2025-08-18T15:43:20 GMT-04:00" name="SuiteTestAfter" finished-at="2025-08-18T15:43:20 GMT-04:00" duration-ms="1" status="PASS">
          <reporter-output>
          </reporter-output>
        </test-method> <!-- SuiteTestAfter -->
      </class> <!-- packTwo.Annotations -->
    </test> <!-- Test -->
  </suite> <!-- Suite -->
</testng-results>
