<?xml version="1.0" encoding="UTF-8"?>
<!-- Generated by org.testng.reporters.JUnitXMLReporter -->
<testsuite ignored="0" hostname="LAPTOP-KKDSPR4V" failures="0" tests="4" name="Default test" time="0.094" errors="0" timestamp="2025-08-17T17:45:20 GMT-04:00">
  <testcase classname="test_JavaStreamsAndLambda" name="regular" time="0.01"/>
  <testcase classname="test_JavaStreamsAndLambda" name="streamCollect" time="0.006"/>
  <testcase classname="test_JavaStreamsAndLambda" name="streamFilter" time="0.008"/>
  <testcase classname="test_JavaStreamsAndLambda" name="streamMap" time="0.007"/>
</testsuite> <!-- Default test -->
